Using pre-set license
Built from '2020.2/release' branch; Version is '2020.2.1f1 (270dd8c3da1c) revision 2559448'; Using compiler version '192528614'; Build Type 'Release'
OS: 'Windows 10  (10.0.0) 64bit' Language: 'en' Physical Memory: 8071 MB
BatchMode: 1, IsHumanControllingUs: 0, StartBugReporterOnCrash: 0, Is64bit: 1, IsPro: 0

 COMMAND LINE ARGUMENTS:
C:\Program Files\Unity\Hub\Editor\2020.2.1f1\Editor\Unity.exe
-adb2
-batchMode
-noUpm
-name
AssetImportWorker0
-projectPath
C:/Users/User/Documents/GitHub/AZUREfUNCTIONS
-logFile
Logs/AssetImportWorker0.log
-srvPort
50687
Successfully changed project path to: C:/Users/User/Documents/GitHub/AZUREfUNCTIONS
C:/Users/User/Documents/GitHub/AZUREfUNCTIONS
Using Asset Import Pipeline V2.
Refreshing native plugins compatible for Editor in 315.97 ms, found 1 plugins.
Preloading 0 native plugins for Editor in 0.00 ms.
Initialize engine version: 2020.2.1f1 (270dd8c3da1c)
[Subsystems] Discovering subsystems at path C:/Program Files/Unity/Hub/Editor/2020.2.1f1/Editor/Data/Resources/UnitySubsystems
[Subsystems] Discovering subsystems at path C:/Users/User/Documents/GitHub/AZUREfUNCTIONS/Assets
GfxDevice: creating device client; threaded=0
Direct3D:
    Version:  Direct3D 11.0 [level 11.1]
    Renderer: Intel(R) HD Graphics 515 (ID=0x191e)
    Vendor:   
    VRAM:     4035 MB
    Driver:   27.20.100.9126
Initialize mono
Mono path[0] = 'C:/Program Files/Unity/Hub/Editor/2020.2.1f1/Editor/Data/Managed'
Mono path[1] = 'C:/Program Files/Unity/Hub/Editor/2020.2.1f1/Editor/Data/MonoBleedingEdge/lib/mono/unityjit'
Mono config path = 'C:/Program Files/Unity/Hub/Editor/2020.2.1f1/Editor/Data/MonoBleedingEdge/etc'
Using monoOptions --debugger-agent=transport=dt_socket,embedding=1,server=y,suspend=n,address=127.0.0.1:56908
Begin MonoManager ReloadAssembly
Registering precompiled unity dll's ...
Register platform support module: C:/Program Files/Unity/Hub/Editor/2020.2.1f1/Editor/Data/PlaybackEngines/WindowsStandaloneSupport/UnityEditor.WindowsStandalone.Extensions.dll
Registered in 0.006522 seconds.
Native extension for WindowsStandalone target not found
Refreshing native plugins compatible for Editor in 176.09 ms, found 1 plugins.
Preloading 0 native plugins for Editor in 0.00 ms.
Invoked RoslynAnalysisRunner static constructor.
RoslynAnalysisRunner will not be running.
RoslynAnalysisRunner has terminated.
Mono: successfully reloaded assembly
- Completed reload, in 19.987 seconds
Platform modules already initialized, skipping
Registering precompiled user dll's ...
Registered in 0.031878 seconds.
Begin MonoManager ReloadAssembly
Error: Could not load signature of Unity.Android.Logcat.AndroidLogcat:.ctor due to: Could not load file or assembly 'UnityEditor.Android.Extensions, Version=1.0.0.0, Culture=neutral, PublicKeyToken=null' or one of its dependencies. assembly:UnityEditor.Android.Extensions, Version=1.0.0.0, Culture=neutral, PublicKeyToken=null type:<unknown type> member:(null) signature:<none>
0x00007ff720b38c8c (Unity) StackWalker::GetCurrentCallstack
0x00007ff720b41069 (Unity) StackWalker::ShowCallstack
0x00007ff72201564c (Unity) GetStacktrace
0x00007ff7230d4803 (Unity) DebugStringToFile
0x00007ff72095f87b (Unity) ScanForAttributesAndInterfaceImplementations
0x00007ff720972fba (Unity) MonoManager::EndReloadAssembly
0x00007ff72097a339 (Unity) MonoManager::ReloadAssembly
0x00007ff721d243a1 (Unity) LoadDomainAndUserAssemblies
0x00007ff721d2484e (Unity) LoadUserAssemblies
0x00007ff7216ad736 (Unity) Application::InitializeProject
0x00007ff722022be2 (Unity) WinMain
0x00007ff723e68fc6 (Unity) __scrt_common_main_seh
0x00007ffdadc87034 (KERNEL32) BaseThreadInitThunk
0x00007ffdade1d0d1 (ntdll) RtlUserThreadStart

