Using pre-set license
Built from '2020.2/release' branch; Version is '2020.2.1f1 (270dd8c3da1c) revision 2559448'; Using compiler version '192528614'; Build Type 'Release'
OS: 'Windows 10  (10.0.0) 64bit' Language: 'en' Physical Memory: 8071 MB
BatchMode: 1, IsHumanControllingUs: 0, StartBugReporterOnCrash: 0, Is64bit: 1, IsPro: 0

 COMMAND LINE ARGUMENTS:
C:\Program Files\Unity\Hub\Editor\2020.2.1f1\Editor\Unity.exe
-adb2
-batchMode
-noUpm
-name
AssetImportWorker1
-projectPath
C:/Users/User/Documents/GitHub/AZUREfUNCTIONS
-logFile
Logs/AssetImportWorker1.log
-srvPort
50687
Successfully changed project path to: C:/Users/User/Documents/GitHub/AZUREfUNCTIONS
C:/Users/User/Documents/GitHub/AZUREfUNCTIONS
Using Asset Import Pipeline V2.
Refreshing native plugins compatible for Editor in 872.14 ms, found 1 plugins.
Preloading 0 native plugins for Editor in 0.00 ms.
Initialize engine version: 2020.2.1f1 (270dd8c3da1c)
[Subsystems] Discovering subsystems at path C:/Program Files/Unity/Hub/Editor/2020.2.1f1/Editor/Data/Resources/UnitySubsystems
[Subsystems] Discovering subsystems at path C:/Users/User/Documents/GitHub/AZUREfUNCTIONS/Assets
GfxDevice: creating device client; threaded=0
Direct3D:
    Version:  Direct3D 11.0 [level 11.1]
    Renderer: Intel(R) HD Graphics 515 (ID=0x191e)
    Vendor:   
    VRAM:     4035 MB
    Driver:   27.20.100.9126
Initialize mono
Mono path[0] = 'C:/Program Files/Unity/Hub/Editor/2020.2.1f1/Editor/Data/Managed'
Mono path[1] = 'C:/Program Files/Unity/Hub/Editor/2020.2.1f1/Editor/Data/MonoBleedingEdge/lib/mono/unityjit'
Mono config path = 'C:/Program Files/Unity/Hub/Editor/2020.2.1f1/Editor/Data/MonoBleedingEdge/etc'
Using monoOptions --debugger-agent=transport=dt_socket,embedding=1,server=y,suspend=n,address=127.0.0.1:56860
Begin MonoManager ReloadAssembly
Registering precompiled unity dll's ...
Register platform support module: C:/Program Files/Unity/Hub/Editor/2020.2.1f1/Editor/Data/PlaybackEngines/WindowsStandaloneSupport/UnityEditor.WindowsStandalone.Extensions.dll
Registered in 0.010195 seconds.
Native extension for WindowsStandalone target not found
Refreshing native plugins compatible for Editor in 152.56 ms, found 1 plugins.
Preloading 0 native plugins for Editor in 0.00 ms.
Invoked RoslynAnalysisRunner static constructor.
RoslynAnalysisRunner will not be running.
RoslynAnalysisRunner has terminated.
Mono: successfully reloaded assembly
- Completed reload, in  5.190 seconds
Platform modules already initialized, skipping
Registering precompiled user dll's ...
Registered in 0.018540 seconds.
Begin MonoManager ReloadAssembly
Error: Could not load signature of Unity.Android.Logcat.AndroidLogcat:.ctor due to: Could not load file or assembly 'UnityEditor.Android.Extensions, Version=1.0.0.0, Culture=neutral, PublicKeyToken=null' or one of its dependencies. assembly:UnityEditor.Android.Extensions, Version=1.0.0.0, Culture=neutral, PublicKeyToken=null type:<unknown type> member:(null) signature:<none>
0x00007ff720b38c8c (Unity) StackWalker::GetCurrentCallstack
0x00007ff720b41069 (Unity) StackWalker::ShowCallstack
0x00007ff72201564c (Unity) GetStacktrace
0x00007ff7230d4803 (Unity) DebugStringToFile
0x00007ff72095f87b (Unity) ScanForAttributesAndInterfaceImplementations
0x00007ff720972fba (Unity) MonoManager::EndReloadAssembly
0x00007ff72097a339 (Unity) MonoManager::ReloadAssembly
0x00007ff721d243a1 (Unity) LoadDomainAndUserAssemblies
0x00007ff721d2484e (Unity) LoadUserAssemblies
0x00007ff7216ad736 (Unity) Application::InitializeProject
0x00007ff722022be2 (Unity) WinMain
0x00007ff723e68fc6 (Unity) __scrt_common_main_seh
0x00007ffdadc87034 (KERNEL32) BaseThreadInitThunk
0x00007ffdade1d0d1 (ntdll) RtlUserThreadStart

Unloading broken assembly Library/ScriptAssemblies/Unity.Mobile.AndroidLogcat.Editor.dll, this assembly can cause crashes in the runtime
0x00007ff720b38c8c (Unity) StackWalker::GetCurrentCallstack
0x00007ff720b41069 (Unity) StackWalker::ShowCallstack
0x00007ff72201564c (Unity) GetStacktrace
0x00007ff7230d4803 (Unity) DebugStringToFile
0x00007ff72097bf10 (Unity) MonoManager::SetupLoadedEditorAssemblies
0x00007ff72097330c (Unity) MonoManager::EndReloadAssembly
0x00007ff72097a339 (Unity) MonoManager::ReloadAssembly
0x00007ff721d243a1 (Unity) LoadDomainAndUserAssemblies
0x00007ff721d2484e (Unity) LoadUserAssemblies
0x00007ff7216ad736 (Unity) Application::InitializeProject
0x00007ff722022be2 (Unity) WinMain
0x00007ff723e68fc6 (Unity) __scrt_common_main_seh
0x00007ffdadc87034 (KERNEL32) BaseThreadInitThunk
0x00007ffdade1d0d1 (ntdll) RtlUserThreadStart

Native extension for WindowsStandalone target not found
Refreshing native plugins compatible for Editor in 317.81 ms, found 1 plugins.
Preloading 0 native plugins for Editor in 0.00 ms.
Invoked RoslynAnalysisRunner static constructor.
RoslynAnalysisRunner will not be running.
RoslynAnalysisRunner has terminated.
Mono: successfully reloaded assembly
- Completed reload, in  4.927 seconds
Platform modules already initialized, skipping
========================================================================
Worker process is ready to serve import requests
Launched and connected shader compiler UnityShaderCompiler.exe after 0.07 seconds
Refreshing native plugins compatible for Editor in 5.15 ms, found 1 plugins.
Preloading 0 native plugins for Editor in 0.00 ms.
Unloading 2397 Unused Serialized files (Serialized files now loaded: 0)
System memory in use before: 108.3 MB.
System memory in use after: 108.5 MB.

Unloading 112 unused Assets to reduce memory usage. Loaded Objects now: 2789.
Total: 6.393200 ms (FindLiveObjects: 0.604400 ms CreateObjectMapping: 0.462200 ms MarkObjects: 5.208400 ms  DeleteObjects: 0.115300 ms)

========================================================================
Received Import Request.
  path: Assets/Scripts/CustomMqtt.cs
  artifactKey: Guid(edabf5202407de943afb89d8a625972d) Importer(815301076,1909f56bfc062723c751e8b465ee728b)
Start importing Assets/Scripts/CustomMqtt.cs using Guid(edabf5202407de943afb89d8a625972d) Importer(815301076,1909f56bfc062723c751e8b465ee728b)  -> (artifact id: 'f335e2c55519110f27c62928751ece17') in 0.185528 seconds
  Import took 0.197459 seconds .

========================================================================
Received Prepare
Registering precompiled user dll's ...
Registered in 0.021383 seconds.
Begin MonoManager ReloadAssembly
Error: Could not load signature of Unity.Android.Logcat.AndroidLogcat:.ctor due to: Could not load file or assembly 'UnityEditor.Android.Extensions, Version=1.0.0.0, Culture=neutral, PublicKeyToken=null' or one of its dependencies. assembly:UnityEditor.Android.Extensions, Version=1.0.0.0, Culture=neutral, PublicKeyToken=null type:<unknown type> member:(null) signature:<none>
0x00007ff720b38c8c (Unity) StackWalker::GetCurrentCallstack
0x00007ff720b41069 (Unity) StackWalker::ShowCallstack
0x00007ff72201564c (Unity) GetStacktrace
0x00007ff7230d4803 (Unity) DebugStringToFile
0x00007ff72095f87b (Unity) ScanForAttributesAndInterfaceImplementations
0x00007ff720972fba (Unity) MonoManager::EndReloadAssembly
0x00007ff72097a339 (Unity) MonoManager::ReloadAssembly
0x00007ff721d243a1 (Unity) LoadDomainAndUserAssemblies
0x00007ff721d2484e (Unity) LoadUserAssemblies
0x00007ff722147f88 (Unity) <lambda_7a4e346ad56c093be607e8c3dc54f69c>::operator()
0x00007ff7222120d2 (Unity) asio::detail::completion_handler<core::mutable_function<void __cdecl(void)> >::do_complete
0x00007ff722214230 (Unity) asio::detail::win_iocp_io_service::do_one
0x00007ff7222179be (Unity) asio::io_service::run
0x00007ff72218dd50 (Unity) RunAssetImportWorkerClientV2
0x00007ff72218dda0 (Unity) RunAssetImporterV2
0x00007ff7216ad73b (Unity) Application::InitializeProject
0x00007ff722022be2 (Unity) WinMain
0x00007ff723e68fc6 (Unity) __scrt_common_main_seh
0x00007ffdadc87034 (KERNEL32) BaseThreadInitThunk
0x00007ffdade1d0d1 (ntdll) RtlUserThreadStart

Unloading broken assembly Library/ScriptAssemblies/Unity.Mobile.AndroidLogcat.Editor.dll, this assembly can cause crashes in the runtime
0x00007ff720b38c8c (Unity) StackWalker::GetCurrentCallstack
0x00007ff720b41069 (Unity) StackWalker::ShowCallstack
0x00007ff72201564c (Unity) GetStacktrace
0x00007ff7230d4803 (Unity) DebugStringToFile
0x00007ff72097bf10 (Unity) MonoManager::SetupLoadedEditorAssemblies
0x00007ff72097330c (Unity) MonoManager::EndReloadAssembly
0x00007ff72097a339 (Unity) MonoManager::ReloadAssembly
0x00007ff721d243a1 (Unity) LoadDomainAndUserAssemblies
0x00007ff721d2484e (Unity) LoadUserAssemblies
0x00007ff722147f88 (Unity) <lambda_7a4e346ad56c093be607e8c3dc54f69c>::operator()
0x00007ff7222120d2 (Unity) asio::detail::completion_handler<core::mutable_function<void __cdecl(void)> >::do_complete
0x00007ff722214230 (Unity) asio::detail::win_iocp_io_service::do_one
0x00007ff7222179be (Unity) asio::io_service::run
0x00007ff72218dd50 (Unity) RunAssetImportWorkerClientV2
0x00007ff72218dda0 (Unity) RunAssetImporterV2
0x00007ff7216ad73b (Unity) Application::InitializeProject
0x00007ff722022be2 (Unity) WinMain
0x00007ff723e68fc6 (Unity) __scrt_common_main_seh
0x00007ffdadc87034 (KERNEL32) BaseThreadInitThunk
0x00007ffdade1d0d1 (ntdll) RtlUserThreadStart

Native extension for WindowsStandalone target not found
Refreshing native plugins compatible for Editor in 1.83 ms, found 1 plugins.
Preloading 0 native plugins for Editor in 0.00 ms.
Invoked RoslynAnalysisRunner static constructor.
RoslynAnalysisRunner will not be running.
RoslynAnalysisRunner has terminated.
Mono: successfully reloaded assembly
- Completed reload, in  3.380 seconds
Platform modules already initialized, skipping
Refreshing native plugins compatible for Editor in 1.95 ms, found 1 plugins.
Preloading 0 native plugins for Editor in 0.00 ms.
Unloading 2381 Unused Serialized files (Serialized files now loaded: 0)
System memory in use before: 107.8 MB.
System memory in use after: 108.0 MB.

Unloading 100 unused Assets to reduce memory usage. Loaded Objects now: 2793.
Total: 5.907400 ms (FindLiveObjects: 0.630600 ms CreateObjectMapping: 0.236100 ms MarkObjects: 4.918600 ms  DeleteObjects: 0.120000 ms)

========================================================================
Received Import Request.
  Time since last request: 3528.416366 seconds.
  path: Assets/Scripts/CommandManager.cs
  artifactKey: Guid(3fd8d262231fb2244a3ab994a12f18e5) Importer(815301076,1909f56bfc062723c751e8b465ee728b)
Start importing Assets/Scripts/CommandManager.cs using Guid(3fd8d262231fb2244a3ab994a12f18e5) Importer(815301076,1909f56bfc062723c751e8b465ee728b)  -> (artifact id: 'a6f071c32e448076b7bf74995cc1cbc4') in 0.522694 seconds
  Import took 7.078940 seconds .

========================================================================
Received Prepare
Registering precompiled user dll's ...
Registered in 0.020225 seconds.
Begin MonoManager ReloadAssembly
Error: Could not load signature of Unity.Android.Logcat.AndroidLogcat:.ctor due to: Could not load file or assembly 'UnityEditor.Android.Extensions, Version=1.0.0.0, Culture=neutral, PublicKeyToken=null' or one of its dependencies. assembly:UnityEditor.Android.Extensions, Version=1.0.0.0, Culture=neutral, PublicKeyToken=null type:<unknown type> member:(null) signature:<none>
0x00007ff720b38c8c (Unity) StackWalker::GetCurrentCallstack
0x00007ff720b41069 (Unity) StackWalker::ShowCallstack
0x00007ff72201564c (Unity) GetStacktrace
0x00007ff7230d4803 (Unity) DebugStringToFile
0x00007ff72095f87b (Unity) ScanForAttributesAndInterfaceImplementations
0x00007ff720972fba (Unity) MonoManager::EndReloadAssembly
0x00007ff72097a339 (Unity) MonoManager::ReloadAssembly
0x00007ff721d243a1 (Unity) LoadDomainAndUserAssemblies
0x00007ff721d2484e (Unity) LoadUserAssemblies
0x00007ff722147f88 (Unity) <lambda_7a4e346ad56c093be607e8c3dc54f69c>::operator()
0x00007ff7222120d2 (Unity) asio::detail::completion_handler<core::mutable_function<void __cdecl(void)> >::do_complete
0x00007ff722214230 (Unity) asio::detail::win_iocp_io_service::do_one
0x00007ff7222179be (Unity) asio::io_service::run
0x00007ff72218dd50 (Unity) RunAssetImportWorkerClientV2
0x00007ff72218dda0 (Unity) RunAssetImporterV2
0x00007ff7216ad73b (Unity) Application::InitializeProject
0x00007ff722022be2 (Unity) WinMain
0x00007ff723e68fc6 (Unity) __scrt_common_main_seh
0x00007ffdadc87034 (KERNEL32) BaseThreadInitThunk
0x00007ffdade1d0d1 (ntdll) RtlUserThreadStart

Unloading broken assembly Library/ScriptAssemblies/Unity.Mobile.AndroidLogcat.Editor.dll, this assembly can cause crashes in the runtime
0x00007ff720b38c8c (Unity) StackWalker::GetCurrentCallstack
0x00007ff720b41069 (Unity) StackWalker::ShowCallstack
0x00007ff72201564c (Unity) GetStacktrace
0x00007ff7230d4803 (Unity) DebugStringToFile
0x00007ff72097bf10 (Unity) MonoManager::SetupLoadedEditorAssemblies
0x00007ff72097330c (Unity) MonoManager::EndReloadAssembly
0x00007ff72097a339 (Unity) MonoManager::ReloadAssembly
0x00007ff721d243a1 (Unity) LoadDomainAndUserAssemblies
0x00007ff721d2484e (Unity) LoadUserAssemblies
0x00007ff722147f88 (Unity) <lambda_7a4e346ad56c093be607e8c3dc54f69c>::operator()
0x00007ff7222120d2 (Unity) asio::detail::completion_handler<core::mutable_function<void __cdecl(void)> >::do_complete
0x00007ff722214230 (Unity) asio::detail::win_iocp_io_service::do_one
0x00007ff7222179be (Unity) asio::io_service::run
0x00007ff72218dd50 (Unity) RunAssetImportWorkerClientV2
0x00007ff72218dda0 (Unity) RunAssetImporterV2
0x00007ff7216ad73b (Unity) Application::InitializeProject
0x00007ff722022be2 (Unity) WinMain
0x00007ff723e68fc6 (Unity) __scrt_common_main_seh
0x00007ffdadc87034 (KERNEL32) BaseThreadInitThunk
0x00007ffdade1d0d1 (ntdll) RtlUserThreadStart

Native extension for WindowsStandalone target not found
Refreshing native plugins compatible for Editor in 3.64 ms, found 1 plugins.
Preloading 0 native plugins for Editor in 0.00 ms.
Invoked RoslynAnalysisRunner static constructor.
RoslynAnalysisRunner will not be running.
RoslynAnalysisRunner has terminated.
Mono: successfully reloaded assembly
- Completed reload, in  4.270 seconds
Platform modules already initialized, skipping
Refreshing native plugins compatible for Editor in 2.81 ms, found 1 plugins.
Preloading 0 native plugins for Editor in 0.00 ms.
Unloading 2383 Unused Serialized files (Serialized files now loaded: 0)
System memory in use before: 108.0 MB.
System memory in use after: 108.2 MB.

Unloading 100 unused Assets to reduce memory usage. Loaded Objects now: 2798.
Total: 6.267200 ms (FindLiveObjects: 0.479300 ms CreateObjectMapping: 0.287900 ms MarkObjects: 5.391000 ms  DeleteObjects: 0.105400 ms)

========================================================================
Received Prepare
Registering precompiled user dll's ...
Registered in 0.029222 seconds.
Begin MonoManager ReloadAssembly
Error: Could not load signature of Unity.Android.Logcat.AndroidLogcat:.ctor due to: Could not load file or assembly 'UnityEditor.Android.Extensions, Version=1.0.0.0, Culture=neutral, PublicKeyToken=null' or one of its dependencies. assembly:UnityEditor.Android.Extensions, Version=1.0.0.0, Culture=neutral, PublicKeyToken=null type:<unknown type> member:(null) signature:<none>
0x00007ff720b38c8c (Unity) StackWalker::GetCurrentCallstack
0x00007ff720b41069 (Unity) StackWalker::ShowCallstack
0x00007ff72201564c (Unity) GetStacktrace
0x00007ff7230d4803 (Unity) DebugStringToFile
0x00007ff72095f87b (Unity) ScanForAttributesAndInterfaceImplementations
0x00007ff720972fba (Unity) MonoManager::EndReloadAssembly
0x00007ff72097a339 (Unity) MonoManager::ReloadAssembly
0x00007ff721d243a1 (Unity) LoadDomainAndUserAssemblies
0x00007ff721d2484e (Unity) LoadUserAssemblies
0x00007ff722147f88 (Unity) <lambda_7a4e346ad56c093be607e8c3dc54f69c>::operator()
0x00007ff7222120d2 (Unity) asio::detail::completion_handler<core::mutable_function<void __cdecl(void)> >::do_complete
0x00007ff722214230 (Unity) asio::detail::win_iocp_io_service::do_one
0x00007ff7222179be (Unity) asio::io_service::run
0x00007ff72218dd50 (Unity) RunAssetImportWorkerClientV2
0x00007ff72218dda0 (Unity) RunAssetImporterV2
0x00007ff7216ad73b (Unity) Application::InitializeProject
0x00007ff722022be2 (Unity) WinMain
0x00007ff723e68fc6 (Unity) __scrt_common_main_seh
0x00007ffdadc87034 (KERNEL32) BaseThreadInitThunk
0x00007ffdade1d0d1 (ntdll) RtlUserThreadStart

Unloading broken assembly Library/ScriptAssemblies/Unity.Mobile.AndroidLogcat.Editor.dll, this assembly can cause crashes in the runtime
0x00007ff720b38c8c (Unity) StackWalker::GetCurrentCallstack
0x00007ff720b41069 (Unity) StackWalker::ShowCallstack
0x00007ff72201564c (Unity) GetStacktrace
0x00007ff7230d4803 (Unity) DebugStringToFile
0x00007ff72097bf10 (Unity) MonoManager::SetupLoadedEditorAssemblies
0x00007ff72097330c (Unity) MonoManager::EndReloadAssembly
0x00007ff72097a339 (Unity) MonoManager::ReloadAssembly
0x00007ff721d243a1 (Unity) LoadDomainAndUserAssemblies
0x00007ff721d2484e (Unity) LoadUserAssemblies
0x00007ff722147f88 (Unity) <lambda_7a4e346ad56c093be607e8c3dc54f69c>::operator()
0x00007ff7222120d2 (Unity) asio::detail::completion_handler<core::mutable_function<void __cdecl(void)> >::do_complete
0x00007ff722214230 (Unity) asio::detail::win_iocp_io_service::do_one
0x00007ff7222179be (Unity) asio::io_service::run
0x00007ff72218dd50 (Unity) RunAssetImportWorkerClientV2
0x00007ff72218dda0 (Unity) RunAssetImporterV2
0x00007ff7216ad73b (Unity) Application::InitializeProject
0x00007ff722022be2 (Unity) WinMain
0x00007ff723e68fc6 (Unity) __scrt_common_main_seh
0x00007ffdadc87034 (KERNEL32) BaseThreadInitThunk
0x00007ffdade1d0d1 (ntdll) RtlUserThreadStart

Native extension for WindowsStandalone target not found
Refreshing native plugins compatible for Editor in 2.87 ms, found 1 plugins.
Preloading 0 native plugins for Editor in 0.00 ms.
Invoked RoslynAnalysisRunner static constructor.
RoslynAnalysisRunner will not be running.
RoslynAnalysisRunner has terminated.
Mono: successfully reloaded assembly
- Completed reload, in  4.776 seconds
Platform modules already initialized, skipping
Refreshing native plugins compatible for Editor in 3.00 ms, found 1 plugins.
Preloading 0 native plugins for Editor in 0.00 ms.
Unloading 2383 Unused Serialized files (Serialized files now loaded: 0)
System memory in use before: 108.1 MB.
System memory in use after: 108.4 MB.

Unloading 100 unused Assets to reduce memory usage. Loaded Objects now: 2802.
Total: 5.848200 ms (FindLiveObjects: 0.476800 ms CreateObjectMapping: 0.238300 ms MarkObjects: 5.021200 ms  DeleteObjects: 0.108500 ms)

========================================================================
Received Import Request.
  Time since last request: 5194.800958 seconds.
  path: Assets/Scenes/MainScene.unity
  artifactKey: Guid(2cda990e2423bbf4892e6590ba056729) Importer(815301076,1909f56bfc062723c751e8b465ee728b)
Start importing Assets/Scenes/MainScene.unity using Guid(2cda990e2423bbf4892e6590ba056729) Importer(815301076,1909f56bfc062723c751e8b465ee728b)  -> (artifact id: 'fa487ac5ecda2f53ea9ee9c72037c854') in 0.061977 seconds
  Import took 0.078688 seconds .

========================================================================
Received Import Request.
  Time since last request: 0.597607 seconds.
  path: Assets/Scenes/StartUpScene.unity
  artifactKey: Guid(18d8a6428b334b246a42fa65c1274e84) Importer(815301076,1909f56bfc062723c751e8b465ee728b)
Start importing Assets/Scenes/StartUpScene.unity using Guid(18d8a6428b334b246a42fa65c1274e84) Importer(815301076,1909f56bfc062723c751e8b465ee728b)  -> (artifact id: 'a07d69d3664aa5269456393274b8fb5c') in 0.034016 seconds
  Import took 0.055258 seconds .

========================================================================
Received Import Request.
  Time since last request: 205.500636 seconds.
  path: Assets/Imports/AzureFunctionsDemo-master/Assets/HelloWorld.unity
  artifactKey: Guid(ad35871da11fe4e918d45caf5b84a14b) Importer(815301076,1909f56bfc062723c751e8b465ee728b)
Start importing Assets/Imports/AzureFunctionsDemo-master/Assets/HelloWorld.unity using Guid(ad35871da11fe4e918d45caf5b84a14b) Importer(815301076,1909f56bfc062723c751e8b465ee728b)  -> (artifact id: 'df35b06d88a1d6e5875ee9404096d608') in 0.018736 seconds
  Import took 0.037637 seconds .

