Using pre-set license
Built from '2020.2/release' branch; Version is '2020.2.1f1 (270dd8c3da1c) revision 2559448'; Using compiler version '192528614'; Build Type 'Release'
OS: 'Windows 10  (10.0.0) 64bit' Language: 'en' Physical Memory: 8071 MB
BatchMode: 1, IsHumanControllingUs: 0, StartBugReporterOnCrash: 0, Is64bit: 1, IsPro: 0

 COMMAND LINE ARGUMENTS:
C:\Program Files\Unity\Hub\Editor\2020.2.1f1\Editor\Unity.exe
-adb2
-batchMode
-noUpm
-name
AssetImportWorker2
-projectPath
C:/Users/User/Documents/GitHub/AZUREfUNCTIONS
-logFile
Logs/AssetImportWorker2.log
-srvPort
58560
Successfully changed project path to: C:/Users/User/Documents/GitHub/AZUREfUNCTIONS
C:/Users/User/Documents/GitHub/AZUREfUNCTIONS
Using Asset Import Pipeline V2.
Refreshing native plugins compatible for Editor in 946.69 ms, found 1 plugins.
Preloading 0 native plugins for Editor in 0.00 ms.
Initialize engine version: 2020.2.1f1 (270dd8c3da1c)
[Subsystems] Discovering subsystems at path C:/Program Files/Unity/Hub/Editor/2020.2.1f1/Editor/Data/Resources/UnitySubsystems
[Subsystems] Discovering subsystems at path C:/Users/User/Documents/GitHub/AZUREfUNCTIONS/Assets
GfxDevice: creating device client; threaded=0
Direct3D:
    Version:  Direct3D 11.0 [level 11.1]
    Renderer: Intel(R) HD Graphics 515 (ID=0x191e)
    Vendor:   
    VRAM:     4035 MB
    Driver:   27.20.100.9126
Initialize mono
Mono path[0] = 'C:/Program Files/Unity/Hub/Editor/2020.2.1f1/Editor/Data/Managed'
Mono path[1] = 'C:/Program Files/Unity/Hub/Editor/2020.2.1f1/Editor/Data/MonoBleedingEdge/lib/mono/unityjit'
Mono config path = 'C:/Program Files/Unity/Hub/Editor/2020.2.1f1/Editor/Data/MonoBleedingEdge/etc'
Using monoOptions --debugger-agent=transport=dt_socket,embedding=1,server=y,suspend=n,address=127.0.0.1:56168
Begin MonoManager ReloadAssembly
Registering precompiled unity dll's ...
Register platform support module: C:/Program Files/Unity/Hub/Editor/2020.2.1f1/Editor/Data/PlaybackEngines/WindowsStandaloneSupport/UnityEditor.WindowsStandalone.Extensions.dll
Registered in 0.008121 seconds.
Native extension for WindowsStandalone target not found
Refreshing native plugins compatible for Editor in 145.64 ms, found 1 plugins.
Preloading 0 native plugins for Editor in 0.00 ms.
Invoked RoslynAnalysisRunner static constructor.
RoslynAnalysisRunner will not be running.
RoslynAnalysisRunner has terminated.
Mono: successfully reloaded assembly
- Completed reload, in  7.447 seconds
Platform modules already initialized, skipping
Registering precompiled user dll's ...
Registered in 0.049363 seconds.
Begin MonoManager ReloadAssembly
Error: Could not load signature of Unity.Android.Logcat.AndroidLogcat:.ctor due to: Could not load file or assembly 'UnityEditor.Android.Extensions, Version=1.0.0.0, Culture=neutral, PublicKeyToken=null' or one of its dependencies. assembly:UnityEditor.Android.Extensions, Version=1.0.0.0, Culture=neutral, PublicKeyToken=null type:<unknown type> member:(null) signature:<none>
0x00007ff652058c8c (Unity) StackWalker::GetCurrentCallstack
0x00007ff652061069 (Unity) StackWalker::ShowCallstack
0x00007ff65353564c (Unity) GetStacktrace
0x00007ff6545f4803 (Unity) DebugStringToFile
0x00007ff651e7f87b (Unity) ScanForAttributesAndInterfaceImplementations
0x00007ff651e92fba (Unity) MonoManager::EndReloadAssembly
0x00007ff651e9a339 (Unity) MonoManager::ReloadAssembly
0x00007ff6532443a1 (Unity) LoadDomainAndUserAssemblies
0x00007ff65324484e (Unity) LoadUserAssemblies
0x00007ff652bcd736 (Unity) Application::InitializeProject
0x00007ff653542be2 (Unity) WinMain
0x00007ff655388fc6 (Unity) __scrt_common_main_seh
0x00007ff936a37034 (KERNEL32) BaseThreadInitThunk
0x00007ff9386dd0d1 (ntdll) RtlUserThreadStart

Unloading broken assembly Library/ScriptAssemblies/Unity.Mobile.AndroidLogcat.Editor.dll, this assembly can cause crashes in the runtime
0x00007ff652058c8c (Unity) StackWalker::GetCurrentCallstack
0x00007ff652061069 (Unity) StackWalker::ShowCallstack
0x00007ff65353564c (Unity) GetStacktrace
0x00007ff6545f4803 (Unity) DebugStringToFile
0x00007ff651e9bf10 (Unity) MonoManager::SetupLoadedEditorAssemblies
0x00007ff651e9330c (Unity) MonoManager::EndReloadAssembly
0x00007ff651e9a339 (Unity) MonoManager::ReloadAssembly
0x00007ff6532443a1 (Unity) LoadDomainAndUserAssemblies
0x00007ff65324484e (Unity) LoadUserAssemblies
0x00007ff652bcd736 (Unity) Application::InitializeProject
0x00007ff653542be2 (Unity) WinMain
0x00007ff655388fc6 (Unity) __scrt_common_main_seh
0x00007ff936a37034 (KERNEL32) BaseThreadInitThunk
0x00007ff9386dd0d1 (ntdll) RtlUserThreadStart

Native extension for WindowsStandalone target not found
Refreshing native plugins compatible for Editor in 157.79 ms, found 1 plugins.
Preloading 0 native plugins for Editor in 0.00 ms.
Invoked RoslynAnalysisRunner static constructor.
RoslynAnalysisRunner will not be running.
RoslynAnalysisRunner has terminated.
Mono: successfully reloaded assembly
- Completed reload, in  8.400 seconds
Platform modules already initialized, skipping
========================================================================
Worker process is ready to serve import requests
Launched and connected shader compiler UnityShaderCompiler.exe after 0.09 seconds
Refreshing native plugins compatible for Editor in 2.59 ms, found 1 plugins.
Preloading 0 native plugins for Editor in 0.00 ms.
Unloading 2398 Unused Serialized files (Serialized files now loaded: 0)
System memory in use before: 108.3 MB.
System memory in use after: 108.5 MB.

Unloading 112 unused Assets to reduce memory usage. Loaded Objects now: 2790.
Total: 31.770300 ms (FindLiveObjects: 7.055700 ms CreateObjectMapping: 9.174200 ms MarkObjects: 14.710400 ms  DeleteObjects: 0.825200 ms)

========================================================================
Received Import Request.
  path: Assets/Imports/RESTClient-master/helpers
  artifactKey: Guid(f3052b16cc1c5154ea49eca957c8ddd4) Importer(815301076,1909f56bfc062723c751e8b465ee728b)
Start importing Assets/Imports/RESTClient-master/helpers using Guid(f3052b16cc1c5154ea49eca957c8ddd4) Importer(815301076,1909f56bfc062723c751e8b465ee728b)  -> (artifact id: 'e4e0a016bd9f3896975540b2fc21399c') in 0.035626 seconds
  Import took 0.052043 seconds .

========================================================================
Received Import Request.
  Time since last request: 2900.855442 seconds.
  path: Assets/Scripts/BrokerSettings.cs
  artifactKey: Guid(8524e29cd419336449c2852bad5803c1) Importer(815301076,1909f56bfc062723c751e8b465ee728b)
Start importing Assets/Scripts/BrokerSettings.cs using Guid(8524e29cd419336449c2852bad5803c1) Importer(815301076,1909f56bfc062723c751e8b465ee728b)  -> (artifact id: '248adc99de18c03a963cb5f56bf6f944') in 0.133191 seconds
  Import took 0.168666 seconds .

========================================================================
Received Import Request.
  Time since last request: 0.936890 seconds.
  path: Assets/Scripts/Initializer.cs
  artifactKey: Guid(332f967f07bda6b41888517d7da39173) Importer(815301076,1909f56bfc062723c751e8b465ee728b)
Start importing Assets/Scripts/Initializer.cs using Guid(332f967f07bda6b41888517d7da39173) Importer(815301076,1909f56bfc062723c751e8b465ee728b)  -> (artifact id: '8b713930b2e46d88f6f6561c9ac29645') in 0.009755 seconds
  Import took 0.023149 seconds .

========================================================================
Received Import Request.
  Time since last request: 1.547620 seconds.
  path: Assets/Scripts/Authoo.cs
  artifactKey: Guid(c7726f5ec20f5684f84ce6a918824eb3) Importer(815301076,1909f56bfc062723c751e8b465ee728b)
Start importing Assets/Scripts/Authoo.cs using Guid(c7726f5ec20f5684f84ce6a918824eb3) Importer(815301076,1909f56bfc062723c751e8b465ee728b)  -> (artifact id: 'e1494de707afc02e0b8622a64632126d') in 0.071148 seconds
  Import took 0.096515 seconds .

========================================================================
Received Import Request.
  Time since last request: 0.003506 seconds.
  path: Assets/Scripts/Authoo.cs
  artifactKey: Guid(c7726f5ec20f5684f84ce6a918824eb3) Importer(815301076,1909f56bfc062723c751e8b465ee728b)
Start importing Assets/Scripts/Authoo.cs using Guid(c7726f5ec20f5684f84ce6a918824eb3) Importer(815301076,1909f56bfc062723c751e8b465ee728b)  -> (artifact id: 'e1494de707afc02e0b8622a64632126d') in 0.013982 seconds
  Import took 0.044276 seconds .

